# JRE version: Java(TM) SE Runtime Environment (8.0_231-b11) (build 1.8.0_231-b11)
# Java VM: Java HotSpot(TM) 64-Bit Server VM (25.231-b11 mixed mode windows-amd64 compressed oops)
Heap:
 PSYoungGen      total 152064K, used 119279K [0x00000000ebb80000, 0x00000000f7100000, 0x0000000100000000)
  eden space 141824K, 84% used [0x00000000ebb80000,0x00000000f2ffbc70,0x00000000f4600000)
  from space 10240K, 0% used [0x00000000f5080000,0x00000000f5080000,0x00000000f5a80000)
  to   space 10752K, 0% used [0x00000000f4600000,0x00000000f4600000,0x00000000f5080000)
 ParOldGen       total 47616K, used 13448K [0x00000000c3200000, 0x00000000c6080000, 0x00000000ebb80000)
  object space 47616K, 28% used [0x00000000c3200000,0x00000000c3f22228,0x00000000c6080000)
 Metaspace       used 49248K, capacity 51484K, committed 51584K, reserved 1093632K
  class space    used 6894K, capacity 7296K, committed 7296K, reserved 1048576K
GC Heap History (10 events):
Event: 2.501 GC heap before
{Heap before GC invocations=8 (full 1):
 PSYoungGen      total 69120K, used 2878K [0x00000000ebb80000, 0x00000000f4280000, 0x0000000100000000)
  eden space 61952K, 0% used [0x00000000ebb80000,0x00000000ebb80000,0x00000000ef800000)
  from space 7168K, 40% used [0x00000000ef800000,0x00000000efacf950,0x00000000eff00000)
  to   space 7168K, 0% used [0x00000000f3b80000,0x00000000f3b80000,0x00000000f4280000)
 ParOldGen       total 42496K, used 9368K [0x00000000c3200000, 0x00000000c5b80000, 0x00000000ebb80000)
  object space 42496K, 22% used [0x00000000c3200000,0x00000000c3b26200,0x00000000c5b80000)
 Metaspace       used 20493K, capacity 21220K, committed 21296K, reserved 1067008K
  class space    used 2694K, capacity 2870K, committed 2944K, reserved 1048576K
Event: 2.537 GC heap after
Heap after GC invocations=8 (full 1):
 PSYoungGen      total 69120K, used 0K [0x00000000ebb80000, 0x00000000f4280000, 0x0000000100000000)
  eden space 61952K, 0% used [0x00000000ebb80000,0x00000000ebb80000,0x00000000ef800000)
  from space 7168K, 0% used [0x00000000ef800000,0x00000000ef800000,0x00000000eff00000)
  to   space 7168K, 0% used [0x00000000f3b80000,0x00000000f3b80000,0x00000000f4280000)
 ParOldGen       total 29184K, used 5296K [0x00000000c3200000, 0x00000000c4e80000, 0x00000000ebb80000)
  object space 29184K, 18% used [0x00000000c3200000,0x00000000c372c250,0x00000000c4e80000)
 Metaspace       used 20491K, capacity 21214K, committed 21296K, reserved 1067008K
  class space    used 2694K, capacity 2869K, committed 2944K, reserved 1048576K
}
Event: 2.952 GC heap before
{Heap before GC invocations=9 (full 1):
 PSYoungGen      total 69120K, used 61952K [0x00000000ebb80000, 0x00000000f4280000, 0x0000000100000000)
  eden space 61952K, 100% used [0x00000000ebb80000,0x00000000ef800000,0x00000000ef800000)
  from space 7168K, 0% used [0x00000000ef800000,0x00000000ef800000,0x00000000eff00000)
  to   space 7168K, 0% used [0x00000000f3b80000,0x00000000f3b80000,0x00000000f4280000)
 ParOldGen       total 29184K, used 5296K [0x00000000c3200000, 0x00000000c4e80000, 0x00000000ebb80000)
  object space 29184K, 18% used [0x00000000c3200000,0x00000000c372c250,0x00000000c4e80000)
 Metaspace       used 21881K, capacity 22642K, committed 22784K, reserved 1069056K
  class space    used 2864K, capacity 3067K, committed 3072K, reserved 1048576K
Event: 2.957 GC heap after
Heap after GC invocations=9 (full 1):
 PSYoungGen      total 106496K, used 2823K [0x00000000ebb80000, 0x00000000f3e80000, 0x0000000100000000)
  eden space 103424K, 0% used [0x00000000ebb80000,0x00000000ebb80000,0x00000000f2080000)
  from space 3072K, 91% used [0x00000000f3b80000,0x00000000f3e41f58,0x00000000f3e80000)
  to   space 7168K, 0% used [0x00000000f3080000,0x00000000f3080000,0x00000000f3780000)
 ParOldGen       total 29184K, used 5304K [0x00000000c3200000, 0x00000000c4e80000, 0x00000000ebb80000)
  object space 29184K, 18% used [0x00000000c3200000,0x00000000c372e250,0x00000000c4e80000)
 Metaspace       used 21881K, capacity 22642K, committed 22784K, reserved 1069056K
  class space    used 2864K, capacity 3067K, committed 3072K, reserved 1048576K
}
Event: 5.254 GC heap before
{Heap before GC invocations=10 (full 1):
 PSYoungGen      total 106496K, used 106247K [0x00000000ebb80000, 0x00000000f3e80000, 0x0000000100000000)
  eden space 103424K, 100% used [0x00000000ebb80000,0x00000000f2080000,0x00000000f2080000)
  from space 3072K, 91% used [0x00000000f3b80000,0x00000000f3e41f58,0x00000000f3e80000)
  to   space 7168K, 0% used [0x00000000f3080000,0x00000000f3080000,0x00000000f3780000)
 ParOldGen       total 29184K, used 5304K [0x00000000c3200000, 0x00000000c4e80000, 0x00000000ebb80000)
  object space 29184K, 18% used [0x00000000c3200000,0x00000000c372e250,0x00000000c4e80000)
 Metaspace       used 30426K, capacity 32154K, committed 32384K, reserved 1077248K
  class space    used 4045K, capacity 4363K, committed 4480K, reserved 1048576K
Event: 5.268 GC heap after
Heap after GC invocations=10 (full 1):
 PSYoungGen      total 126976K, used 7143K [0x00000000ebb80000, 0x00000000f5a80000, 0x0000000100000000)
  eden space 119808K, 0% used [0x00000000ebb80000,0x00000000ebb80000,0x00000000f3080000)
  from space 7168K, 99% used [0x00000000f3080000,0x00000000f3779cf8,0x00000000f3780000)
  to   space 10240K, 0% used [0x00000000f5080000,0x00000000f5080000,0x00000000f5a80000)
 ParOldGen       total 29184K, used 10849K [0x00000000c3200000, 0x00000000c4e80000, 0x00000000ebb80000)
  object space 29184K, 37% used [0x00000000c3200000,0x00000000c3c98480,0x00000000c4e80000)
 Metaspace       used 30426K, capacity 32154K, committed 32384K, reserved 1077248K
  class space    used 4045K, capacity 4363K, committed 4480K, reserved 1048576K
}
Event: 6.040 GC heap before
{Heap before GC invocations=11 (full 1):
 PSYoungGen      total 126976K, used 71818K [0x00000000ebb80000, 0x00000000f5a80000, 0x0000000100000000)
  eden space 119808K, 53% used [0x00000000ebb80000,0x00000000efaa8d18,0x00000000f3080000)
  from space 7168K, 99% used [0x00000000f3080000,0x00000000f3779cf8,0x00000000f3780000)
  to   space 10240K, 0% used [0x00000000f5080000,0x00000000f5080000,0x00000000f5a80000)
 ParOldGen       total 29184K, used 10849K [0x00000000c3200000, 0x00000000c4e80000, 0x00000000ebb80000)
  object space 29184K, 37% used [0x00000000c3200000,0x00000000c3c98480,0x00000000c4e80000)
 Metaspace       used 33586K, capacity 35382K, committed 35496K, reserved 1079296K
  class space    used 4478K, capacity 4809K, committed 4864K, reserved 1048576K
Event: 6.058 GC heap after
Heap after GC invocations=11 (full 1):
 PSYoungGen      total 152064K, used 8184K [0x00000000ebb80000, 0x00000000f7100000, 0x0000000100000000)
  eden space 141824K, 0% used [0x00000000ebb80000,0x00000000ebb80000,0x00000000f4600000)
  from space 10240K, 79% used [0x00000000f5080000,0x00000000f587e0e8,0x00000000f5a80000)
  to   space 10752K, 0% used [0x00000000f4600000,0x00000000f4600000,0x00000000f5080000)
 ParOldGen       total 29184K, used 11870K [0x00000000c3200000, 0x00000000c4e80000, 0x00000000ebb80000)
  object space 29184K, 40% used [0x00000000c3200000,0x00000000c3d97b60,0x00000000c4e80000)
 Metaspace       used 33586K, capacity 35382K, committed 35496K, reserved 1079296K
  class space    used 4478K, capacity 4809K, committed 4864K, reserved 1048576K
}
Event: 6.058 GC heap before
{Heap before GC invocations=12 (full 2):
 PSYoungGen      total 152064K, used 8184K [0x00000000ebb80000, 0x00000000f7100000, 0x0000000100000000)
  eden space 141824K, 0% used [0x00000000ebb80000,0x00000000ebb80000,0x00000000f4600000)
  from space 10240K, 79% used [0x00000000f5080000,0x00000000f587e0e8,0x00000000f5a80000)
  to   space 10752K, 0% used [0x00000000f4600000,0x00000000f4600000,0x00000000f5080000)
 ParOldGen       total 29184K, used 11870K [0x00000000c3200000, 0x00000000c4e80000, 0x00000000ebb80000)
  object space 29184K, 40% used [0x00000000c3200000,0x00000000c3d97b60,0x00000000c4e80000)
 Metaspace       used 33586K, capacity 35382K, committed 35496K, reserved 1079296K
  class space    used 4478K, capacity 4809K, committed 4864K, reserved 1048576K
Event: 6.116 GC heap after
Heap after GC invocations=12 (full 2):
 PSYoungGen      total 152064K, used 0K [0x00000000ebb80000, 0x00000000f7100000, 0x0000000100000000)
  eden space 141824K, 0% used [0x00000000ebb80000,0x00000000ebb80000,0x00000000f4600000)
  from space 10240K, 0% used [0x00000000f5080000,0x00000000f5080000,0x00000000f5a80000)
  to   space 10752K, 0% used [0x00000000f4600000,0x00000000f4600000,0x00000000f5080000)
 ParOldGen       total 47616K, used 13448K [0x00000000c3200000, 0x00000000c6080000, 0x00000000ebb80000)
  object space 47616K, 28% used [0x00000000c3200000,0x00000000c3f22228,0x00000000c6080000)
 Metaspace       used 33586K, capacity 35382K, committed 35496K, reserved 1079296K
  class space    used 4478K, capacity 4809K, committed 4864K, reserved 1048576K
}

